<?xml version="1.0" encoding="UTF-8"?>
<!-- Generated by org.testng.reporters.JUnitReportReporter -->
<testsuite hostname="EC2AMAZ-S11DBRH" failures="0" tests="3" name="runners.TaggedRunner" time="0.193" errors="0" timestamp="2023-08-25T07:19:25 GMT" skipped="0">
  <testcase classname="runners.TaggedRunner" name="runScenario" time="0.155"/>
  <system-out/>
  <testcase classname="runners.TaggedRunner" name="runScenario" time="0.016"/>
  <system-out/>
  <testcase classname="runners.TaggedRunner" name="runScenario" time="0.022"/>
  <system-out/>
</testsuite> <!-- runners.TaggedRunner -->
