<?xml version="1.0" encoding="UTF-8"?>
<!-- Generated by org.testng.reporters.JUnitReportReporter -->
<testsuite hostname="EC2AMAZ-S11DBRH" failures="1" tests="1" name="runners.MyTestRunner" time="6.721" errors="0" timestamp="2023-08-24T05:49:04 GMT" skipped="0">
  <testcase classname="runners.MyTestRunner" name="runScenario" time="6.721">
    <failure message="expected [Java Tutorial - Google Search ] but found [Java Tutorial - Google Search]" type="java.lang.AssertionError">
      <![CDATA[java.lang.AssertionError: expected [Java Tutorial - Google Search ] but found [Java Tutorial - Google Search]
at org.testng.Assert.fail(Assert.java:110)
at org.testng.Assert.failNotEquals(Assert.java:1413)
at org.testng.Assert.assertEqualsImpl(Assert.java:149)
at org.testng.Assert.assertEquals(Assert.java:131)
at org.testng.Assert.assertEquals(Assert.java:655)
at org.testng.Assert.assertEquals(Assert.java:665)
at stepDefs.GooglePageStepDef.should_display_java_result_page(GooglePageStepDef.java:36)
at âœ½.Should display Java result page(file:///C:/SJJ/src/test/resources/features/GooglePageSearch.feature:6)
]]>
    </failure>
  </testcase> <!-- runScenario -->
  <system-out/>
</testsuite> <!-- runners.MyTestRunner -->
