<?xml version="1.0" encoding="UTF-8"?>
<!-- Generated by org.testng.reporters.JUnitReportReporter -->
<testsuite hostname="EC2AMAZ-S11DBRH" failures="0" tests="4" name="runners.ParallelExecRunner" time="46.632" errors="0" timestamp="2023-08-25T06:22:32 GMT" skipped="0">
  <testcase classname="runners.ParallelExecRunner" name="runScenario" time="10.533"/>
  <system-out/>
  <testcase classname="runners.ParallelExecRunner" name="runScenario" time="10.139"/>
  <system-out/>
  <testcase classname="runners.ParallelExecRunner" name="runScenario" time="12.820"/>
  <system-out/>
  <testcase classname="runners.ParallelExecRunner" name="runScenario" time="13.140"/>
  <system-out/>
</testsuite> <!-- runners.ParallelExecRunner -->
