<?xml version="1.0" encoding="UTF-8"?>
<!-- Generated by org.testng.reporters.JUnitReportReporter -->
<testsuite hostname="EC2AMAZ-S11DBRH" failures="0" tests="2" name="runners.MyTestRunner" time="14.782" errors="0" timestamp="2023-08-24T06:56:00 GMT" skipped="0">
  <testcase classname="runners.MyTestRunner" name="runScenario" time="7.608"/>
  <system-out/>
  <testcase classname="runners.MyTestRunner" name="runScenario" time="7.174"/>
  <system-out/>
</testsuite> <!-- runners.MyTestRunner -->
