<?xml version="1.0" encoding="UTF-8"?>
<!-- Generated by org.testng.reporters.JUnitReportReporter -->
<testsuite hostname="EC2AMAZ-S11DBRH" failures="0" tests="1" name="runners.MyTestRunner" time="6.835" errors="0" timestamp="2023-08-25T04:57:11 GMT" skipped="0">
  <testcase classname="runners.MyTestRunner" name="runScenario" time="6.835"/>
  <system-out/>
</testsuite> <!-- runners.MyTestRunner -->
