<?xml version="1.0" encoding="UTF-8"?>
<!-- Generated by org.testng.reporters.JUnitReportReporter -->
<testsuite hostname="EC2AMAZ-S11DBRH" failures="0" tests="4" name="runners.MyTestRunner" time="25.779" errors="0" timestamp="2023-08-25T06:16:39 GMT" skipped="0">
  <testcase classname="runners.MyTestRunner" name="runScenario" time="6.911"/>
  <system-out/>
  <testcase classname="runners.MyTestRunner" name="runScenario" time="5.626"/>
  <system-out/>
  <testcase classname="runners.MyTestRunner" name="runScenario" time="5.347"/>
  <system-out/>
  <testcase classname="runners.MyTestRunner" name="runScenario" time="7.895"/>
  <system-out/>
</testsuite> <!-- runners.MyTestRunner -->
