<?xml version="1.0" encoding="UTF-8"?>
<!-- Generated by org.testng.reporters.JUnitReportReporter -->
<testsuite hostname="EC2AMAZ-S11DBRH" failures="0" tests="2" name="runners.MyTestRunner" time="16.463" errors="0" timestamp="2023-08-24T07:32:15 GMT" skipped="0">
  <testcase classname="runners.MyTestRunner" name="runScenario" time="9.897"/>
  <system-out/>
  <testcase classname="runners.MyTestRunner" name="runScenario" time="6.566"/>
  <system-out/>
</testsuite> <!-- runners.MyTestRunner -->
